<?xml version="1.0" encoding="UTF-8"?>
<!-- Generated by org.testng.reporters.JUnitXMLReporter -->
<testsuite hostname="DESKTOP-N60QB27" ignored="0" name="Basic Test" tests="3" failures="0" timestamp="2022-11-29T23:16:52 IST" time="0.014" errors="0">
  <testcase name="doRegistration" time="0.002" classname="testngLearning.TestCase3"/>
  <testcase name="doLogin" time="0.001" classname="testngLearning.TestCase3"/>
  <testcase name="isSkip" time="0.001" classname="testngLearning.TestCase3">
    <skipped/>
  </testcase> <!-- isSkip -->
</testsuite> <!-- Basic Test -->
